<?xml version="1.0" encoding="UTF-8"?>
<!-- Generated by org.testng.reporters.JUnitReportReporter -->
<testsuite hostname="DESKTOP-VI48P74" failures="0" tests="2" name="testcases.TC_002LoginTest" time="2.540" errors="0" timestamp="2025-07-17T14:48:32 IST" skipped="0">
  <testcase classname="testcases.TC_002LoginTest" name="Verify_login" time="1.325"/>
  <testcase classname="testcases.TC_002LoginTest" name="Verify_login" time="1.215"/>
</testsuite> <!-- testcases.TC_002LoginTest -->
