<?xml version="1.0" encoding="UTF-8"?>
<!-- Generated by org.testng.reporters.JUnitReportReporter -->
<testsuite hostname="DESKTOP-VI48P74" failures="0" tests="2" name="testcases.TC_001AccountregisterTest" time="3.564" errors="0" timestamp="2025-07-17T14:48:32 IST" skipped="0">
  <testcase classname="testcases.TC_001AccountregisterTest" name="verify_registerpage" time="1.713"/>
  <testcase classname="testcases.TC_001AccountregisterTest" name="verify_registerpage" time="1.851"/>
</testsuite> <!-- testcases.TC_001AccountregisterTest -->
